<?xml version="1.0" encoding="UTF-8"?>
<testsuite name="com.serfinanza.runners.ServicioRunner" tests="0" skipped="0" failures="0" errors="0" timestamp="1970-01-01T00:00:00" hostname="DESKTOP-DR2G2B3" time="0.0">
  <properties/>
  <system-out><![CDATA[
?[31mFailed scenarios:?[0m
file:///C:/Users/JefersonPedraza/Desktop/Assist/serfinanzaservices/src/test/resources/features/servicio.feature:11 # Validacion servicios
file:///C:/Users/JefersonPedraza/Desktop/Assist/serfinanzaservices/src/test/resources/features/servicio.feature:12 # Validacion servicios

2 Scenarios (?[31m2 failed?[0m)
4 Steps (?[31m2 failed?[0m, ?[32m2 passed?[0m)
0m5,243s


java.lang.AssertionError: <html>
  <head>
    <title>Not found</title>
  </head>
  <body>
    <h1>Not found</h1>
    <p>The document you requested can not be found on this server.</p>
  </body>
</html>
 expected:<200> but was:<404>
	at org.junit.Assert.fail(Assert.java:88)
	at org.junit.Assert.failNotEquals(Assert.java:834)
	at org.junit.Assert.assertEquals(Assert.java:645)
	at com.serfinanza.steps.CreacionServicioStep.validacionServicio(CreacionServicioStep.java:54)
	at com.serfinanza.steps.CreacionServicioStep$ByteBuddy$yQ0Et6mE.validacionServicio$accessor$UDnZPnc0(Unknown Source)
	at java.base/jdk.internal.reflect.NativeMethodAccessorImpl.invoke0(Native Method)
	at java.base/jdk.internal.reflect.NativeMethodAccessorImpl.invoke(NativeMethodAccessorImpl.java:77)
	at java.base/jdk.internal.reflect.DelegatingMethodAccessorImpl.invoke(DelegatingMethodAccessorImpl.java:43)
	at java.base/java.lang.reflect.Method.invoke(Method.java:568)
	at net.thucydides.core.steps.StepInterceptor.invokeMethod(StepInterceptor.java:504)
	at net.thucydides.core.steps.StepInterceptor.executeTestStepMethod(StepInterceptor.java:484)
	at net.thucydides.core.steps.StepInterceptor.runTestStep(StepInterceptor.java:458)
	at net.thucydides.core.steps.StepInterceptor.runOrSkipMethod(StepInterceptor.java:210)
	at net.thucydides.core.steps.StepInterceptor.testStepResult(StepInterceptor.java:197)
	at net.thucydides.core.steps.StepInterceptor.intercept(StepInterceptor.java:85)
	at net.thucydides.core.steps.ProxyConfiguration$InterceptorDispatcher.intercept(ProxyConfiguration.java:51)
	at com.serfinanza.steps.CreacionServicioStep$ByteBuddy$yQ0Et6mE.validacionServicio(Unknown Source)
	at com.serfinanza.definitions.ServicioDefinition.se_valida_que_el_response_sean_iguales(ServicioDefinition.java:29)
	at ?.se valida que el response sean iguales /rest/response/ProductoDetalleApiGroup_DetalleCRO.json(file:///C:/Users/JefersonPedraza/Desktop/Assist/serfinanzaservices/src/test/resources/features/servicio.feature:7)

java.lang.AssertionError: <html>
  <head>
    <title>Not found</title>
  </head>
  <body>
    <h1>Not found</h1>
    <p>The document you requested can not be found on this server.</p>
  </body>
</html>
 expected:<200> but was:<404>
	at org.junit.Assert.fail(Assert.java:88)
	at org.junit.Assert.failNotEquals(Assert.java:834)
	at org.junit.Assert.assertEquals(Assert.java:645)
	at com.serfinanza.steps.CreacionServicioStep.validacionServicio(CreacionServicioStep.java:54)
	at com.serfinanza.steps.CreacionServicioStep$ByteBuddy$yQ0Et6mE.validacionServicio$accessor$UDnZPnc0(Unknown Source)
	at java.base/jdk.internal.reflect.NativeMethodAccessorImpl.invoke0(Native Method)
	at java.base/jdk.internal.reflect.NativeMethodAccessorImpl.invoke(NativeMethodAccessorImpl.java:77)
	at java.base/jdk.internal.reflect.DelegatingMethodAccessorImpl.invoke(DelegatingMethodAccessorImpl.java:43)
	at java.base/java.lang.reflect.Method.invoke(Method.java:568)
	at net.thucydides.core.steps.StepInterceptor.invokeMethod(StepInterceptor.java:504)
	at net.thucydides.core.steps.StepInterceptor.executeTestStepMethod(StepInterceptor.java:484)
	at net.thucydides.core.steps.StepInterceptor.runTestStep(StepInterceptor.java:458)
	at net.thucydides.core.steps.StepInterceptor.runOrSkipMethod(StepInterceptor.java:210)
	at net.thucydides.core.steps.StepInterceptor.testStepResult(StepInterceptor.java:197)
	at net.thucydides.core.steps.StepInterceptor.intercept(StepInterceptor.java:85)
	at net.thucydides.core.steps.ProxyConfiguration$InterceptorDispatcher.intercept(ProxyConfiguration.java:51)
	at com.serfinanza.steps.CreacionServicioStep$ByteBuddy$yQ0Et6mE.validacionServicio(Unknown Source)
	at com.serfinanza.definitions.ServicioDefinition.se_valida_que_el_response_sean_iguales(ServicioDefinition.java:29)
	at ?.se valida que el response sean iguales /soap/response/OlimpiaServiceGroup_adicionarSolicitud.xml(file:///C:/Users/JefersonPedraza/Desktop/Assist/serfinanzaservices/src/test/resources/features/servicio.feature:7)


]]></system-out>
  <system-err><![CDATA[[Test worker] INFO io.cucumber.core.plugin.SerenityReporter - Running feature from file:///C:/Users/JefersonPedraza/Desktop/Assist/serfinanzaservices/src/test/resources/features/servicio.feature
[Test worker] INFO  - 

-------------------------------------------------------------------------------------
     _______. _______ .______       _______ .__   __.  __  .___________.____    ____ 
    /       ||   ____||   _  \     |   ____||  \ |  | |  | |           |\   \  /   / 
   |   (----`|  |__   |  |_)  |    |  |__   |   \|  | |  | `---|  |----` \   \/   /  
    \   \    |   __|  |      /     |   __|  |  . `  | |  |     |  |       \_    _/   
.----)   |   |  |____ |  |\  \----.|  |____ |  |\   | |  |     |  |         |  |     
|_______/    |_______|| _| `._____||_______||__| \__| |__|     |__|         |__|    
                                                                                     
 News and tutorials at http://www.serenity-bdd.info                                  
 Documentation at https://wakaleo.gitbooks.io/the-serenity-book/content/             
 Join the Serenity Community on Gitter: https://gitter.im/serenity-bdd/serenity-core 
 Serenity BDD Support and Training at http://serenity-bdd.info/#/trainingandsupport  
-------------------------------------------------------------------------------------

[Test worker] INFO  - Test Suite Started: Consumo servicio
[pool-1-thread-1] INFO net.thucydides.core.reports.ReportService - net.thucydides.core.reports.json.JSONTestOutcomeReporter@68f2363: Generating report for test outcome: Consumo servicio:Validacion servicios
[pool-2-thread-1] INFO net.thucydides.core.reports.ReportService - net.thucydides.core.reports.html.HtmlAcceptanceTestReporter@3d7b3b18: Generating report for test outcome: Consumo servicio:Validacion servicios
[Test worker] INFO io.cucumber.core.plugin.SerenityReporter - Cleanup test resources for URI file:///C:/Users/JefersonPedraza/Desktop/Assist/serfinanzaservices/src/test/resources/features/servicio.feature
]]></system-err>
</testsuite>
